<?xml version="1.0" encoding="UTF-8"?>
<testng-results skipped="0" failed="0" ignored="0" total="1" passed="1">
  <reporter-output>
  </reporter-output>
  <suite name="Suite" duration-ms="24098" started-at="2019-04-25T06:42:43Z" finished-at="2019-04-25T06:43:07Z">
    <groups>
    </groups>
    <test name="Test" duration-ms="24098" started-at="2019-04-25T06:42:43Z" finished-at="2019-04-25T06:43:07Z">
      <class name="testcases.CreateNewAccount">
        <test-method status="PASS" signature="beforeTest()[pri:0, instance:testcases.CreateNewAccount@69ea3742]" name="beforeTest" is-config="true" duration-ms="8446" started-at="2019-04-25T06:42:43Z" finished-at="2019-04-25T06:42:51Z">
          <reporter-output>
          </reporter-output>
        </test-method> <!-- beforeTest -->
        <test-method status="PASS" signature="f()[pri:0, instance:testcases.CreateNewAccount@69ea3742]" name="f" duration-ms="14760" started-at="2019-04-25T06:42:51Z" finished-at="2019-04-25T06:43:06Z">
          <reporter-output>
          </reporter-output>
        </test-method> <!-- f -->
        <test-method status="PASS" signature="afterTest()[pri:0, instance:testcases.CreateNewAccount@69ea3742]" name="afterTest" is-config="true" duration-ms="873" started-at="2019-04-25T06:43:06Z" finished-at="2019-04-25T06:43:07Z">
          <reporter-output>
          </reporter-output>
        </test-method> <!-- afterTest -->
        <test-method status="PASS" signature="afterSuite()[pri:0, instance:testcases.CreateNewAccount@69ea3742]" name="afterSuite" is-config="true" duration-ms="5102" started-at="2019-04-25T06:43:07Z" finished-at="2019-04-25T06:43:12Z">
          <reporter-output>
          </reporter-output>
        </test-method> <!-- afterSuite -->
      </class> <!-- testcases.CreateNewAccount -->
    </test> <!-- Test -->
  </suite> <!-- Suite -->
</testng-results>
