<?xml version="1.0" encoding="UTF-8"?>
<testng-results skipped="0" failed="0" ignored="0" total="1" passed="1">
  <reporter-output>
  </reporter-output>
  <suite name="Suite" duration-ms="30893" started-at="2019-04-25T03:27:45Z" finished-at="2019-04-25T03:28:16Z">
    <groups>
    </groups>
    <test name="Test" duration-ms="30893" started-at="2019-04-25T03:27:45Z" finished-at="2019-04-25T03:28:16Z">
      <class name="testcases.CreateNewAccount">
        <test-method status="PASS" signature="beforeTest()[pri:0, instance:testcases.CreateNewAccount@7946e1f4]" name="beforeTest" is-config="true" duration-ms="13194" started-at="2019-04-25T03:27:45Z" finished-at="2019-04-25T03:27:58Z">
          <reporter-output>
          </reporter-output>
        </test-method> <!-- beforeTest -->
        <test-method status="PASS" signature="f()[pri:0, instance:testcases.CreateNewAccount@7946e1f4]" name="f" duration-ms="16664" started-at="2019-04-25T03:27:58Z" finished-at="2019-04-25T03:28:15Z">
          <reporter-output>
          </reporter-output>
        </test-method> <!-- f -->
        <test-method status="PASS" signature="afterTest()[pri:0, instance:testcases.CreateNewAccount@7946e1f4]" name="afterTest" is-config="true" duration-ms="1008" started-at="2019-04-25T03:28:15Z" finished-at="2019-04-25T03:28:16Z">
          <reporter-output>
          </reporter-output>
        </test-method> <!-- afterTest -->
        <test-method status="PASS" signature="afterSuite()[pri:0, instance:testcases.CreateNewAccount@7946e1f4]" name="afterSuite" is-config="true" duration-ms="5008" started-at="2019-04-25T03:28:16Z" finished-at="2019-04-25T03:28:21Z">
          <reporter-output>
          </reporter-output>
        </test-method> <!-- afterSuite -->
      </class> <!-- testcases.CreateNewAccount -->
    </test> <!-- Test -->
  </suite> <!-- Suite -->
</testng-results>
